features/lockscreen/impl/build/intermediates/manifest_merge_blame_file/debug/processDebugManifest/manifest-merger-blame-debug-report.txt
1<?xml version="1.0" encoding="utf-8"?>
2<!--
3  ~ Copyright (c) 2025 Element Creations Ltd.
4  ~ Copyright 2024 New Vector Ltd.
5  ~
6  ~ SPDX-License-Identifier: AGPL-3.0-only OR LicenseRef-Element-Commercial.
7  ~ Please see LICENSE files in the repository root for full details.
8-->
9<manifest xmlns:android="http://schemas.android.com/apk/res/android"
10    package="io.element.android.features.lockscreen.impl" >
11
12    <uses-sdk android:minSdkVersion="24" />
13
14    <application>
14-->src/main/AndroidManifest.xml:10:5-14:19
15        <activity
15-->src/main/AndroidManifest.xml:11:9-13:116
16            android:name="io.element.android.features.lockscreen.impl.unlock.activity.PinUnlockActivity"
16-->src/main/AndroidManifest.xml:12:13-105
17            android:configChanges="screenSize|screenLayout|orientation|keyboardHidden|keyboard|navigation|uiMode" />
17-->src/main/AndroidManifest.xml:13:13-114
18    </application>
19
20</manifest>